[debug] [2022-08-23T20:18:55.794Z] ----------------------------------------------------------------------
[debug] [2022-08-23T20:18:55.796Z] Command:       /usr/local/Cellar/node/18.3.0/bin/node /usr/local/bin/firebase init
[debug] [2022-08-23T20:18:55.796Z] CLI Version:   11.8.0
[debug] [2022-08-23T20:18:55.796Z] Platform:      darwin
[debug] [2022-08-23T20:18:55.796Z] Node Version:  v18.3.0
[debug] [2022-08-23T20:18:55.797Z] Time:          Tue Aug 23 2022 22:18:55 GMT+0200 (Central European Summer Time)
[debug] [2022-08-23T20:18:55.798Z] ----------------------------------------------------------------------
[debug] 
[debug] [2022-08-23T20:18:55.846Z] > command requires scopes: ["email","openid","https://www.googleapis.com/auth/cloudplatformprojects.readonly","https://www.googleapis.com/auth/firebase","https://www.googleapis.com/auth/cloud-platform"]
[debug] [2022-08-23T20:18:55.846Z] > authorizing via signed-in user (andreasbergman93@gmail.com)
[info] 
     ######## #### ########  ######## ########     ###     ######  ########
     ##        ##  ##     ## ##       ##     ##  ##   ##  ##       ##
     ######    ##  ########  ######   ########  #########  ######  ######
     ##        ##  ##    ##  ##       ##     ## ##     ##       ## ##
     ##       #### ##     ## ######## ########  ##     ##  ######  ########

You're about to initialize a Firebase project in this directory:

  /Users/andreas/Documents/linnbjorn-app-master

Before we get started, keep in mind:

  * You are initializing within an existing Firebase project directory

[info] 
=== Project Setup
[info] 
[info] First, let's associate this project directory with a Firebase project.
[info] You can create multiple project aliases by running firebase use --add, 
[info] but for now we'll just set up a default project.
[info] 
[debug] [2022-08-23T20:19:16.251Z] > refreshing access token with scopes: []
[debug] [2022-08-23T20:19:16.253Z] >>> [apiv2][query] POST https://www.googleapis.com/oauth2/v3/token [none]
[debug] [2022-08-23T20:19:16.254Z] >>> [apiv2][body] POST https://www.googleapis.com/oauth2/v3/token [omitted]
[debug] [2022-08-23T20:19:16.375Z] <<< [apiv2][status] POST https://www.googleapis.com/oauth2/v3/token 200
[debug] [2022-08-23T20:19:16.375Z] <<< [apiv2][body] POST https://www.googleapis.com/oauth2/v3/token [omitted]
[debug] [2022-08-23T20:19:16.434Z] >>> [apiv2][query] GET https://firebase.googleapis.com/v1beta1/projects pageSize=100
[debug] [2022-08-23T20:19:16.932Z] <<< [apiv2][status] GET https://firebase.googleapis.com/v1beta1/projects 200
[debug] [2022-08-23T20:19:16.932Z] <<< [apiv2][body] GET https://firebase.googleapis.com/v1beta1/projects [omitted]
[info] i  Using project linnogbjorn (linnogbjorn) 
[info] 
=== Hosting Setup
[info] 
[info] Your public directory is the folder (relative to your project directory) that
[info] will contain Hosting assets to be uploaded with firebase deploy. If you
[info] have a build process for your assets, use your build's output directory.
[info] 
[info] ✔  Wrote public/404.html 
[debug] [2022-08-23T20:19:43.660Z] >>> [apiv2][query] GET https://www.gstatic.com/firebasejs/releases.json [none]
[debug] [2022-08-23T20:19:43.716Z] <<< [apiv2][status] GET https://www.gstatic.com/firebasejs/releases.json 200
[debug] [2022-08-23T20:19:43.716Z] <<< [apiv2][body] GET https://www.gstatic.com/firebasejs/releases.json {"current":{"version":"9.9.3","browserURL":"https://www.gstatic.com/firebasejs/9.9.3/firebase.js","packageURL":"https://www.gstatic.com/firebasejs/9.9.3/firebase.tgz"},"live":{"version":"9.9","browserURL":"https://www.gstatic.com/firebasejs/live/9.9/firebase.js","packageURL":"https://www.gstatic.com/firebasejs/live/9.9/firebase.tgz"},"components":{"analytics":"https://www.gstatic.com/firebasejs/9.9.3/firebase-analytics.js","app":"https://www.gstatic.com/firebasejs/9.9.3/firebase-app.js","app-check":"https://www.gstatic.com/firebasejs/9.9.3/firebase-app-check.js","auth":"https://www.gstatic.com/firebasejs/9.9.3/firebase-auth.js","auth/cordova":"https://www.gstatic.com/firebasejs/9.9.3/firebase-auth/cordova.js","auth/react-native":"https://www.gstatic.com/firebasejs/9.9.3/firebase-auth/react-native.js","functions":"https://www.gstatic.com/firebasejs/9.9.3/firebase-functions.js","firestore":"https://www.gstatic.com/firebasejs/9.9.3/firebase-firestore.js","firestore/lite":"https://www.gstatic.com/firebasejs/9.9.3/firebase-firestore/lite.js","installations":"https://www.gstatic.com/firebasejs/9.9.3/firebase-installations.js","storage":"https://www.gstatic.com/firebasejs/9.9.3/firebase-storage.js","performance":"https://www.gstatic.com/firebasejs/9.9.3/firebase-performance.js","remote-config":"https://www.gstatic.com/firebasejs/9.9.3/firebase-remote-config.js","messaging":"https://www.gstatic.com/firebasejs/9.9.3/firebase-messaging.js","messaging/sw":"https://www.gstatic.com/firebasejs/9.9.3/firebase-messaging/sw.js","database":"https://www.gstatic.com/firebasejs/9.9.3/firebase-database.js","firestore.memory":"https://www.gstatic.com/firebasejs/9.9.3/firebase-firestore.memory.js"}}
[info] i  Skipping write of public/index.html 
[info] 
[info] i  Didn't detect a .git folder. Assuming /Users/andreas/Documents/linnbjorn-app-master is the project root. 
[info] i  Authorizing with GitHub to upload your service account to a GitHub repository's secrets store. 
[info] 
[info] Visit this URL on this device to log in:
[info] https://github.com/login/oauth/authorize?client_id=89cf50f02ac6aaed3484&state=1024043137&redirect_uri=http%3A%2F%2Flocalhost%3A9005&scope=read%3Auser%20repo%20public_repo
[info] 
[info] Waiting for authentication...
[debug] [2022-08-23T20:19:56.637Z] >>> [apiv2][query] POST https://github.com/login/oauth/access_token [none]
[debug] [2022-08-23T20:19:56.637Z] >>> [apiv2][body] POST https://github.com/login/oauth/access_token [stream]
[debug] [2022-08-23T20:19:57.127Z] <<< [apiv2][status] POST https://github.com/login/oauth/access_token 200
[debug] [2022-08-23T20:19:57.127Z] <<< [apiv2][body] POST https://github.com/login/oauth/access_token {"access_token":"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","token_type":"bearer","scope":"read:user,repo"}
[debug] [2022-08-23T20:19:57.135Z] >>> [apiv2][query] GET https://api.github.com/user [none]
[debug] [2022-08-23T20:19:57.522Z] <<< [apiv2][status] GET https://api.github.com/user 200
[debug] [2022-08-23T20:19:57.522Z] <<< [apiv2][body] GET https://api.github.com/user {"login":"olofab","id":11627538,"node_id":"MDQ6VXNlcjExNjI3NTM4","avatar_url":"https://avatars.githubusercontent.com/u/11627538?v=4","gravatar_id":"","url":"https://api.github.com/users/olofab","html_url":"https://github.com/olofab","followers_url":"https://api.github.com/users/olofab/followers","following_url":"https://api.github.com/users/olofab/following{/other_user}","gists_url":"https://api.github.com/users/olofab/gists{/gist_id}","starred_url":"https://api.github.com/users/olofab/starred{/owner}{/repo}","subscriptions_url":"https://api.github.com/users/olofab/subscriptions","organizations_url":"https://api.github.com/users/olofab/orgs","repos_url":"https://api.github.com/users/olofab/repos","events_url":"https://api.github.com/users/olofab/events{/privacy}","received_events_url":"https://api.github.com/users/olofab/received_events","type":"User","site_admin":false,"name":"Andreas Bergman","company":"Bekk Consulting AS","blog":"","location":"Oslo","email":null,"hireable":null,"bio":null,"twitter_username":null,"public_repos":6,"public_gists":0,"followers":4,"following":2,"created_at":"2015-03-24T08:52:16Z","updated_at":"2022-08-23T18:20:51Z","private_gists":0,"total_private_repos":5,"owned_private_repos":5,"disk_usage":49425,"collaborators":0,"two_factor_authentication":true,"plan":{"name":"free","space":976562499,"collaborators":0,"private_repos":10000}}
[info] 
[info] ✔  Success! Logged into GitHub as olofab 
[info] 
[debug] [2022-08-23T20:20:43.314Z] >>> [apiv2][query] GET https://api.github.com/repos/olofab/linnbjorn/actions/secrets/public-key type=owner
[debug] [2022-08-23T20:20:43.687Z] <<< [apiv2][status] GET https://api.github.com/repos/olofab/linnbjorn/actions/secrets/public-key 404
[debug] [2022-08-23T20:20:43.687Z] <<< [apiv2][body] GET https://api.github.com/repos/olofab/linnbjorn/actions/secrets/public-key {"message":"Not Found","documentation_url":"https://docs.github.com/rest/reference/actions#get-a-repository-public-key"}
[debug] [2022-08-23T20:20:45.740Z] >>> [apiv2][query] GET https://api.github.com/repos/olofab/linnbjorn/actions/secrets/public-key type=owner
[debug] [2022-08-23T20:20:45.977Z] <<< [apiv2][status] GET https://api.github.com/repos/olofab/linnbjorn/actions/secrets/public-key 404
[debug] [2022-08-23T20:20:45.977Z] <<< [apiv2][body] GET https://api.github.com/repos/olofab/linnbjorn/actions/secrets/public-key {"message":"Not Found","documentation_url":"https://docs.github.com/rest/reference/actions#get-a-repository-public-key"}
[debug] [2022-08-23T20:20:51.957Z] >>> [apiv2][query] GET https://api.github.com/repos/olofab/linnbjorn/actions/secrets/public-key type=owner
[debug] [2022-08-23T20:20:52.264Z] <<< [apiv2][status] GET https://api.github.com/repos/olofab/linnbjorn/actions/secrets/public-key 404
[debug] [2022-08-23T20:20:52.264Z] <<< [apiv2][body] GET https://api.github.com/repos/olofab/linnbjorn/actions/secrets/public-key {"message":"Not Found","documentation_url":"https://docs.github.com/rest/reference/actions#get-a-repository-public-key"}
